<?xml version="1.0" encoding="UTF-8"?>
<!-- Generated by org.testng.reporters.JUnitReportReporter -->
<testsuite hostname="DESKTOP-JD9OA7M" failures="0" tests="1" name="testcases.T03_userRegistration" time="11.845" errors="0" timestamp="2023-03-26T14:05:56 EDT" skipped="0">
  <testcase classname="testcases.T03_userRegistration" name="homepageValidation" time="11.845"/>
  <system-out/>
</testsuite> <!-- testcases.T03_userRegistration -->
