<?xml version="1.0" encoding="UTF-8"?>
<!-- Generated by org.testng.reporters.JUnitReportReporter -->
<testsuite hostname="DESKTOP-JD9OA7M" failures="0" tests="1" name="testcases.T01_homepageValidation" time="4.541" errors="0" timestamp="2023-03-25T09:15:45 EDT" skipped="0">
  <testcase classname="testcases.T01_homepageValidation" name="homepage" time="4.541"/>
  <system-out/>
</testsuite> <!-- testcases.T01_homepageValidation -->
