<?xml version="1.0" encoding="UTF-8"?>
<!-- Generated by org.testng.reporters.JUnitReportReporter -->
<testsuite hostname="DESKTOP-JD9OA7M" failures="0" tests="1" name="testcases.T02_loginpageValidation" time="4.516" errors="0" timestamp="2023-03-25T09:15:45 EDT" skipped="0">
  <testcase classname="testcases.T02_loginpageValidation" name="loginpage" time="4.516"/>
  <system-out/>
</testsuite> <!-- testcases.T02_loginpageValidation -->
